#
# There is insufficient memory for the Java Runtime Environment to continue.
# Native memory allocation (malloc) failed to allocate 1190256 bytes for Chunk::new
# Possible reasons:
#   The system is out of physical RAM or swap space
#   The process is running with CompressedOops enabled, and the Java Heap may be blocking the growth of the native heap
# Possible solutions:
#   Reduce memory load on the system
#   Increase physical memory or swap space
#   Check if swap backing store is full
#   Decrease Java heap size (-Xmx/-Xms)
#   Decrease number of Java threads
#   Decrease Java thread stack sizes (-Xss)
#   Set larger code cache with -XX:ReservedCodeCacheSize=
#   JVM is running with Unscaled Compressed Oops mode in which the Java heap is
#     placed in the first 4GB address space. The Java Heap base address is the
#     maximum limit for the native heap growth. Please use -XX:HeapBaseMinAddress
#     to set the Java Heap base and to place the Java Heap above 4GB virtual address.
# This output file may be truncated or incomplete.
#
#  Out of Memory Error (allocation.cpp:389), pid=9024, tid=0x0000000000003868
#
# JRE version: Java(TM) SE Runtime Environment (8.0_221-b11) (build 1.8.0_221-b11)
# Java VM: Java HotSpot(TM) 64-Bit Server VM (25.221-b11 mixed mode windows-amd64 compressed oops)
# Failed to write core dump. Minidumps are not enabled by default on client versions of Windows
#

---------------  T H R E A D  ---------------

Current thread (0x00000000147d3000):  JavaThread "C2 CompilerThread0" daemon [_thread_in_native, id=14440, stack(0x0000000015e30000,0x0000000015f30000)]

Stack: [0x0000000015e30000,0x0000000015f30000]
[error occurred during error reporting (printing stack bounds), id 0xc0000005]

Native frames: (J=compiled Java code, j=interpreted, Vv=VM code, C=native code)


Current CompileTask:
C2:   6960 1385   !   4       java.net.URLClassLoader$1::run (63 bytes)


---------------  P R O C E S S  ---------------

Java Threads: ( => current thread )
  0x0000000016230800 JavaThread "Cache worker for journal cache (C:\Users\sani\.gradle\caches\journal-1)" [_thread_blocked, id=1156, stack(0x0000000019480000,0x0000000019580000)]
  0x000000001622f800 JavaThread "File lock request listener" [_thread_in_native, id=2948, stack(0x0000000019280000,0x0000000019380000)]
  0x000000001622c000 JavaThread "Cache worker for file hash cache (C:\Users\sani\.gradle\caches\5.5\fileHashes)" [_thread_blocked, id=11720, stack(0x0000000019180000,0x0000000019280000)]
  0x0000000016356000 JavaThread "Thread-9" [_thread_blocked, id=3948, stack(0x0000000019080000,0x0000000019180000)]
  0x0000000017c7e800 JavaThread "Stdin handler" [_thread_blocked, id=9908, stack(0x0000000018f80000,0x0000000019080000)]
  0x0000000017c7e000 JavaThread "Asynchronous log dispatcher for DefaultDaemonConnection: socket connection from /127.0.0.1:6534 to /127.0.0.1:6535" [_thread_blocked, id=1900, stack(0x0000000018e80000,0x0000000018f80000)]
  0x0000000016f2e000 JavaThread "Daemon worker" [_thread_in_Java, id=15196, stack(0x0000000018b80000,0x0000000018c80000)]
  0x0000000016f2d000 JavaThread "Cancel handler" [_thread_blocked, id=10676, stack(0x0000000018a80000,0x0000000018b80000)]
  0x0000000016f2c000 JavaThread "Handler for socket connection from /127.0.0.1:6534 to /127.0.0.1:6535" [_thread_in_native, id=11128, stack(0x0000000018980000,0x0000000018a80000)]
  0x0000000017bf1800 JavaThread "Daemon" [_thread_blocked, id=6316, stack(0x0000000018880000,0x0000000018980000)]
  0x0000000017b51800 JavaThread "Daemon periodic checks" [_thread_blocked, id=12868, stack(0x0000000018780000,0x0000000018880000)]
  0x0000000017b50800 JavaThread "Incoming local TCP Connector on port 6534" [_thread_in_native, id=3124, stack(0x0000000018540000,0x0000000018640000)]
  0x0000000017ab4800 JavaThread "Daemon health stats" [_thread_blocked, id=6416, stack(0x0000000017f00000,0x0000000018000000)]
  0x000000001482e000 JavaThread "Service Thread" daemon [_thread_blocked, id=5748, stack(0x0000000016530000,0x0000000016630000)]
  0x00000000147df000 JavaThread "C1 CompilerThread2" daemon [_thread_blocked, id=7592, stack(0x0000000016030000,0x0000000016130000)]
  0x00000000147d6000 JavaThread "C2 CompilerThread1" daemon [_thread_in_native, id=14160, stack(0x0000000015f30000,0x0000000016030000)]
=>0x00000000147d3000 JavaThread "C2 CompilerThread0" daemon [_thread_in_native, id=14440, stack(0x0000000015e30000,0x0000000015f30000)]
  0x00000000147d1000 JavaThread "Attach Listener" daemon [_thread_blocked, id=12220, stack(0x0000000015d30000,0x0000000015e30000)]
  0x00000000147cf800 JavaThread "Signal Dispatcher" daemon [_thread_blocked, id=8764, stack(0x0000000015c30000,0x0000000015d30000)]
  0x00000000033ad000 JavaThread "Finalizer" daemon [_thread_blocked, id=7252, stack(0x0000000015a40000,0x0000000015b40000)]
  0x00000000147b9800 JavaThread "Reference Handler" daemon [_thread_blocked, id=10544, stack(0x0000000015940000,0x0000000015a40000)]
  0x00000000032b2800 JavaThread "main" [_thread_blocked, id=1296, stack(0x00000000031b0000,0x00000000032b0000)]

Other Threads:
  0x0000000014798000 VMThread [stack: 0x0000000015840000,0x0000000015940000] [id=13324]
  0x0000000016189000 WatcherThread [stack: 0x0000000016630000,0x0000000016730000] [id=14648]

VM state:not at safepoint (normal execution)

VM Mutex/Monitor currently owned by a thread: None

heap address: 0x00000000e0000000, size: 512 MB, Compressed Oops mode: 32-bit
Narrow klass base: 0x0000000000000000, Narrow klass shift: 3
Compressed class space size: 1073741824 Address: 0x0000000100000000

Heap:
 PSYoungGen      total 76288K, used 11040K [0x00000000f5580000, 0x00000000faa80000, 0x0000000100000000)
  eden space 65536K, 1% used [0x00000000f5580000,0x00000000f5643408,0x00000000f9580000)
  from space 10752K, 95% used [0x00000000fa000000,0x00000000faa04e88,0x00000000faa80000)
  to   space 10752K, 0% used [0x00000000f9580000,0x00000000f9580000,0x00000000fa000000)
 ParOldGen       total 175104K, used 16K [0x00000000e0000000, 0x00000000eab00000, 0x00000000f5580000)
  object space 175104K, 0% used [0x00000000e0000000,0x00000000e0004000,0x00000000eab00000)
 Metaspace       used 15296K, capacity 15652K, committed 16000K, reserved 1062912K
  class space    used 2234K, capacity 2394K, committed 2432K, reserved 1048576K

Card table byte_map: [0x0000000012770000,0x0000000012880000] byte_map_base: 0x0000000012070000

Marking Bits: (ParMarkBitMap*) 0x0000000062b65ce0
 Begin Bits: [0x0000000012d30000, 0x0000000013530000)
 End Bits:   [0x0000000013530000, 0x0000000013d30000)

Polling page: 0x0000000001870000

CodeCache: size=245760Kb used=5110Kb max_used=5110Kb free=240649Kb
 bounds [0x00000000033b0000, 0x00000000038b0000, 0x00000000123b0000]
 total_blobs=1824 nmethods=1437 adapters=300
 compilation: enabled

Compilation events (10 events):
Event: 6.821 Thread 0x00000000147df000 1438       3       sun.misc.ProxyGenerator::dotToSlash (9 bytes)
Event: 6.821 Thread 0x00000000147df000 nmethod 1438 0x00000000038ad790 code [0x00000000038ad900, 0x00000000038adb08]
Event: 6.822 Thread 0x00000000147df000 1439       3       sun.misc.ProxyGenerator$ConstantPool$IndirectEntry::write (61 bytes)
Event: 6.823 Thread 0x00000000147df000 nmethod 1439 0x00000000038adbd0 code [0x00000000038addc0, 0x00000000038ae8c8]
Event: 6.866 Thread 0x00000000147df000 1440       3       org.gradle.internal.service.DefaultServiceRegistry$SingletonService::getService (18 bytes)
Event: 6.866 Thread 0x00000000147df000 nmethod 1440 0x00000000038aec90 code [0x00000000038aee20, 0x00000000038af098]
Event: 6.866 Thread 0x00000000147df000 1441       3       org.gradle.internal.service.DefaultServiceRegistry::access$1200 (6 bytes)
Event: 6.867 Thread 0x00000000147df000 nmethod 1441 0x00000000038af190 code [0x00000000038af300, 0x00000000038af468]
Event: 6.921 Thread 0x00000000147df000 1442   !   3       java.util.zip.Inflater::end (50 bytes)
Event: 6.922 Thread 0x00000000147df000 nmethod 1442 0x00000000038af510 code [0x00000000038af6a0, 0x00000000038afb28]

GC Heap History (4 events):
Event: 3.529 GC heap before
{Heap before GC invocations=1 (full 0):
 PSYoungGen      total 76288K, used 65536K [0x00000000f5580000, 0x00000000faa80000, 0x0000000100000000)
  eden space 65536K, 100% used [0x00000000f5580000,0x00000000f9580000,0x00000000f9580000)
  from space 10752K, 0% used [0x00000000fa000000,0x00000000fa000000,0x00000000faa80000)
  to   space 10752K, 0% used [0x00000000f9580000,0x00000000f9580000,0x00000000fa000000)
 ParOldGen       total 175104K, used 0K [0x00000000e0000000, 0x00000000eab00000, 0x00000000f5580000)
  object space 175104K, 0% used [0x00000000e0000000,0x00000000e0000000,0x00000000eab00000)
 Metaspace       used 7577K, capacity 7814K, committed 8064K, reserved 1056768K
  class space    used 1002K, capacity 1077K, committed 1152K, reserved 1048576K
Event: 3.546 GC heap after
Heap after GC invocations=1 (full 0):
 PSYoungGen      total 76288K, used 6206K [0x00000000f5580000, 0x00000000faa80000, 0x0000000100000000)
  eden space 65536K, 0% used [0x00000000f5580000,0x00000000f5580000,0x00000000f9580000)
  from space 10752K, 57% used [0x00000000f9580000,0x00000000f9b8f870,0x00000000fa000000)
  to   space 10752K, 0% used [0x00000000fa000000,0x00000000fa000000,0x00000000faa80000)
 ParOldGen       total 175104K, used 8K [0x00000000e0000000, 0x00000000eab00000, 0x00000000f5580000)
  object space 175104K, 0% used [0x00000000e0000000,0x00000000e0002000,0x00000000eab00000)
 Metaspace       used 7577K, capacity 7814K, committed 8064K, reserved 1056768K
  class space    used 1002K, capacity 1077K, committed 1152K, reserved 1048576K
}
Event: 6.873 GC heap before
{Heap before GC invocations=2 (full 0):
 PSYoungGen      total 76288K, used 71742K [0x00000000f5580000, 0x00000000faa80000, 0x0000000100000000)
  eden space 65536K, 100% used [0x00000000f5580000,0x00000000f9580000,0x00000000f9580000)
  from space 10752K, 57% used [0x00000000f9580000,0x00000000f9b8f870,0x00000000fa000000)
  to   space 10752K, 0% used [0x00000000fa000000,0x00000000fa000000,0x00000000faa80000)
 ParOldGen       total 175104K, used 8K [0x00000000e0000000, 0x00000000eab00000, 0x00000000f5580000)
  object space 175104K, 0% used [0x00000000e0000000,0x00000000e0002000,0x00000000eab00000)
 Metaspace       used 15206K, capacity 15588K, committed 15744K, reserved 1062912K
  class space    used 2217K, capacity 2394K, committed 2432K, reserved 1048576K
Event: 6.916 GC heap after
Heap after GC invocations=2 (full 0):
 PSYoungGen      total 76288K, used 10259K [0x00000000f5580000, 0x00000000faa80000, 0x0000000100000000)
  eden space 65536K, 0% used [0x00000000f5580000,0x00000000f5580000,0x00000000f9580000)
  from space 10752K, 95% used [0x00000000fa000000,0x00000000faa04e88,0x00000000faa80000)
  to   space 10752K, 0% used [0x00000000f9580000,0x00000000f9580000,0x00000000fa000000)
 ParOldGen       total 175104K, used 16K [0x00000000e0000000, 0x00000000eab00000, 0x00000000f5580000)
  object space 175104K, 0% used [0x00000000e0000000,0x00000000e0004000,0x00000000eab00000)
 Metaspace       used 15206K, capacity 15588K, committed 15744K, reserved 1062912K
  class space    used 2217K, capacity 2394K, committed 2432K, reserved 1048576K
}

Deoptimization events (10 events):
Event: 5.302 Thread 0x0000000016f2e000 Uncommon trap: reason=class_check action=maybe_recompile pc=0x0000000003637484 method=java.util.HashMap.putVal(ILjava/lang/Object;Ljava/lang/Object;ZZ)Ljava/lang/Object; @ 203
Event: 5.302 Thread 0x0000000016f2e000 Uncommon trap: reason=class_check action=maybe_recompile pc=0x0000000003637484 method=java.util.HashMap.putVal(ILjava/lang/Object;Ljava/lang/Object;ZZ)Ljava/lang/Object; @ 203
Event: 5.302 Thread 0x0000000016f2e000 Uncommon trap: reason=bimorphic action=maybe_recompile pc=0x00000000036371bc method=java.util.HashMap.putVal(ILjava/lang/Object;Ljava/lang/Object;ZZ)Ljava/lang/Object; @ 253
Event: 5.302 Thread 0x0000000016f2e000 Uncommon trap: reason=bimorphic action=maybe_recompile pc=0x00000000036371bc method=java.util.HashMap.putVal(ILjava/lang/Object;Ljava/lang/Object;ZZ)Ljava/lang/Object; @ 253
Event: 5.302 Thread 0x0000000016f2e000 Uncommon trap: reason=bimorphic action=maybe_recompile pc=0x000000000363e4b0 method=java.util.HashMap.putVal(ILjava/lang/Object;Ljava/lang/Object;ZZ)Ljava/lang/Object; @ 253
Event: 5.844 Thread 0x0000000016f2e000 Uncommon trap: reason=class_check action=maybe_recompile pc=0x000000000368bac0 method=java.util.regex.Matcher.match(II)Z @ 86
Event: 5.882 Thread 0x0000000016f2e000 Uncommon trap: reason=class_check action=maybe_recompile pc=0x000000000368bac0 method=java.util.regex.Matcher.match(II)Z @ 86
Event: 5.884 Thread 0x0000000016f2e000 Uncommon trap: reason=class_check action=maybe_recompile pc=0x000000000368bac0 method=java.util.regex.Matcher.match(II)Z @ 86
Event: 5.885 Thread 0x0000000016f2e000 Uncommon trap: reason=class_check action=maybe_recompile pc=0x0000000003649dc8 method=java.util.regex.Matcher.match(II)Z @ 86
Event: 6.629 Thread 0x0000000016f2e000 Uncommon trap: reason=unstable_if action=reinterpret pc=0x0000000003786bbc method=java.lang.String.lastIndexOf([CII[CIII)I @ 66

Classes redefined (0 events):
No events

Internal exceptions (10 events):
Event: 1.701 Thread 0x00000000032b2800 Exception <a 'java/lang/ArrayIndexOutOfBoundsException'> (0x00000000f66b6678) thrown at [C:\re\workspace\8-2-build-windows-amd64-cygwin\jdk8u221\13320\hotspot\src\share\vm\runtime\sharedRuntime.cpp, line 605]
Event: 1.707 Thread 0x00000000032b2800 Exception <a 'java/lang/ArrayIndexOutOfBoundsException'> (0x00000000f66d5b28) thrown at [C:\re\workspace\8-2-build-windows-amd64-cygwin\jdk8u221\13320\hotspot\src\share\vm\runtime\sharedRuntime.cpp, line 605]
Event: 1.715 Thread 0x00000000032b2800 Exception <a 'java/lang/ArrayIndexOutOfBoundsException'> (0x00000000f66dfbd8) thrown at [C:\re\workspace\8-2-build-windows-amd64-cygwin\jdk8u221\13320\hotspot\src\share\vm\runtime\sharedRuntime.cpp, line 605]
Event: 1.715 Thread 0x00000000032b2800 Exception <a 'java/lang/ArrayIndexOutOfBoundsException'> (0x00000000f66e1838) thrown at [C:\re\workspace\8-2-build-windows-amd64-cygwin\jdk8u221\13320\hotspot\src\share\vm\runtime\sharedRuntime.cpp, line 605]
Event: 1.716 Thread 0x00000000032b2800 Exception <a 'java/lang/ArrayIndexOutOfBoundsException'> (0x00000000f66e3a28) thrown at [C:\re\workspace\8-2-build-windows-amd64-cygwin\jdk8u221\13320\hotspot\src\share\vm\runtime\sharedRuntime.cpp, line 605]
Event: 1.717 Thread 0x00000000032b2800 Exception <a 'java/lang/ArrayIndexOutOfBoundsException'> (0x00000000f66eeb08) thrown at [C:\re\workspace\8-2-build-windows-amd64-cygwin\jdk8u221\13320\hotspot\src\share\vm\runtime\sharedRuntime.cpp, line 605]
Event: 1.719 Thread 0x00000000032b2800 Exception <a 'java/lang/ArrayIndexOutOfBoundsException'> (0x00000000f66fc018) thrown at [C:\re\workspace\8-2-build-windows-amd64-cygwin\jdk8u221\13320\hotspot\src\share\vm\runtime\sharedRuntime.cpp, line 605]
Event: 3.835 Thread 0x00000000032b2800 Exception <a 'java/lang/NoSuchFieldError': method resolution failed> (0x00000000f5bbb810) thrown at [C:\re\workspace\8-2-build-windows-amd64-cygwin\jdk8u221\13320\hotspot\src\share\vm\prims\methodHandles.cpp, line 1167]
Event: 3.839 Thread 0x00000000032b2800 Exception <a 'java/lang/NoSuchFieldError': method resolution failed> (0x00000000f5bc9600) thrown at [C:\re\workspace\8-2-build-windows-amd64-cygwin\jdk8u221\13320\hotspot\src\share\vm\prims\methodHandles.cpp, line 1167]
Event: 5.096 Thread 0x00000000032b2800 Exception <a 'java/io/IOException'> (0x00000000f638fc70) thrown at [C:\re\workspace\8-2-build-windows-amd64-cygwin\jdk8u221\13320\hotspot\src\share\vm\prims\jni.cpp, line 710]

Events (10 events):
Event: 6.946 loading class org/gradle/api/UnknownDomainObjectException
Event: 6.946 loading class org/gradle/api/UnknownDomainObjectException done
Event: 6.947 loading class org/gradle/composite/internal/plugins/CompositeBuildPluginResolverContributor
Event: 6.947 loading class org/gradle/composite/internal/plugins/CompositeBuildPluginResolverContributor done
Event: 6.949 loading class org/gradle/composite/internal/plugins/CompositeBuildPluginResolverContributor$Resolution
Event: 6.949 loading class org/gradle/composite/internal/plugins/CompositeBuildPluginResolverContributor$Resolution done
Event: 6.951 loading class org/gradle/initialization/DefaultClassLoaderScopeRegistry
Event: 6.951 loading class org/gradle/initialization/DefaultClassLoaderScopeRegistry done
Event: 6.954 loading class org/gradle/api/internal/initialization/ClassLoaderScope
Event: 6.954 loading class org/gradle/api/internal/initialization/ClassLoaderScope done


Dynamic libraries:
0x00007ff638120000 - 0x00007ff638157000 	C:\Program Files\Java\jdk1.8.0_221\bin\java.exe
0x00007ff9403d0000 - 0x00007ff9405b1000 	C:\WINDOWS\SYSTEM32\ntdll.dll
0x00007ff9402e0000 - 0x00007ff940391000 	C:\WINDOWS\System32\KERNEL32.DLL
0x00007ff93d4a0000 - 0x00007ff93d713000 	C:\WINDOWS\System32\KERNELBASE.dll
0x00007ff93ecf0000 - 0x00007ff93ed91000 	C:\WINDOWS\System32\ADVAPI32.dll
0x00007ff93d8b0000 - 0x00007ff93d94e000 	C:\WINDOWS\System32\msvcrt.dll
0x00007ff93ec90000 - 0x00007ff93eceb000 	C:\WINDOWS\System32\sechost.dll
0x00007ff93de90000 - 0x00007ff93dfb4000 	C:\WINDOWS\System32\RPCRT4.dll
0x00007ff93e7b0000 - 0x00007ff93e940000 	C:\WINDOWS\System32\USER32.dll
0x00007ff93d830000 - 0x00007ff93d850000 	C:\WINDOWS\System32\win32u.dll
0x00007ff9402b0000 - 0x00007ff9402d8000 	C:\WINDOWS\System32\GDI32.dll
0x00007ff93d110000 - 0x00007ff93d2a1000 	C:\WINDOWS\System32\gdi32full.dll
0x00007ff93cea0000 - 0x00007ff93cf3f000 	C:\WINDOWS\System32\msvcp_win.dll
0x00007ff93d010000 - 0x00007ff93d108000 	C:\WINDOWS\System32\ucrtbase.dll
0x00007ff92a380000 - 0x00007ff92a5e9000 	C:\WINDOWS\WinSxS\amd64_microsoft.windows.common-controls_6595b64144ccf1df_6.0.17134.1067_none_d401a3eb7c8ebdea\COMCTL32.dll
0x00007ff93daf0000 - 0x00007ff93de11000 	C:\WINDOWS\System32\combase.dll
0x00007ff93cf90000 - 0x00007ff93d009000 	C:\WINDOWS\System32\bcryptPrimitives.dll
0x00007ff93eda0000 - 0x00007ff93edcd000 	C:\WINDOWS\System32\IMM32.DLL
0x0000000064870000 - 0x0000000064942000 	C:\Program Files\Java\jdk1.8.0_221\jre\bin\msvcr100.dll
0x0000000062340000 - 0x0000000062be5000 	C:\Program Files\Java\jdk1.8.0_221\jre\bin\server\jvm.dll
0x00007ff93de20000 - 0x00007ff93de28000 	C:\WINDOWS\System32\PSAPI.DLL
0x00007ff939550000 - 0x00007ff939573000 	C:\WINDOWS\SYSTEM32\WINMM.dll
0x00007ff937b00000 - 0x00007ff937b0a000 	C:\WINDOWS\SYSTEM32\VERSION.dll
0x00007ff935940000 - 0x00007ff935949000 	C:\WINDOWS\SYSTEM32\WSOCK32.dll
0x00007ff93eac0000 - 0x00007ff93eb2c000 	C:\WINDOWS\System32\WS2_32.dll
0x00007ff939520000 - 0x00007ff93954a000 	C:\WINDOWS\SYSTEM32\WINMMBASE.dll
0x00007ff93cf40000 - 0x00007ff93cf89000 	C:\WINDOWS\System32\cfgmgr32.dll
0x00007ff92eae0000 - 0x00007ff92eaef000 	C:\Program Files\Java\jdk1.8.0_221\jre\bin\verify.dll
0x00007ff92d960000 - 0x00007ff92d989000 	C:\Program Files\Java\jdk1.8.0_221\jre\bin\java.dll
0x00007ff92dc20000 - 0x00007ff92dc36000 	C:\Program Files\Java\jdk1.8.0_221\jre\bin\zip.dll
0x00007ff93ee60000 - 0x00007ff9402a4000 	C:\WINDOWS\System32\SHELL32.dll
0x00007ff93e2b0000 - 0x00007ff93e359000 	C:\WINDOWS\System32\shcore.dll
0x00007ff93c790000 - 0x00007ff93cea0000 	C:\WINDOWS\System32\windows.storage.dll
0x00007ff93de30000 - 0x00007ff93de81000 	C:\WINDOWS\System32\shlwapi.dll
0x00007ff93c700000 - 0x00007ff93c711000 	C:\WINDOWS\System32\kernel.appcore.dll
0x00007ff93c720000 - 0x00007ff93c73f000 	C:\WINDOWS\System32\profapi.dll
0x00007ff93c740000 - 0x00007ff93c78c000 	C:\WINDOWS\System32\powrprof.dll
0x00007ff93c6d0000 - 0x00007ff93c6da000 	C:\WINDOWS\System32\FLTLIB.DLL
0x00007ff92d940000 - 0x00007ff92d95a000 	C:\Program Files\Java\jdk1.8.0_221\jre\bin\net.dll
0x00007ff936b00000 - 0x00007ff936cca000 	C:\WINDOWS\SYSTEM32\urlmon.dll
0x00007ff931530000 - 0x00007ff9317d7000 	C:\WINDOWS\SYSTEM32\iertutil.dll
0x00007ff93c120000 - 0x00007ff93c12b000 	C:\WINDOWS\SYSTEM32\CRYPTBASE.DLL
0x00007ff93bf50000 - 0x00007ff93bfb6000 	C:\WINDOWS\system32\mswsock.dll
0x00007ff92cba0000 - 0x00007ff92cbb2000 	C:\Program Files\Java\jdk1.8.0_221\jre\bin\nio.dll
0x00007ff92dc80000 - 0x00007ff92dca6000 	C:\Users\sani\.gradle\native\29\windows-amd64\native-platform.dll
0x00007ff92ead0000 - 0x00007ff92eadd000 	C:\Program Files\Java\jdk1.8.0_221\jre\bin\management.dll
0x00007ff93c100000 - 0x00007ff93c117000 	C:\WINDOWS\SYSTEM32\CRYPTSP.dll
0x00007ff93bb00000 - 0x00007ff93bb33000 	C:\WINDOWS\system32\rsaenh.dll
0x00007ff93c230000 - 0x00007ff93c255000 	C:\WINDOWS\SYSTEM32\bcrypt.dll
0x00007ff93c600000 - 0x00007ff93c628000 	C:\WINDOWS\SYSTEM32\USERENV.dll
0x00007ff93bca0000 - 0x00007ff93bcd8000 	C:\WINDOWS\SYSTEM32\IPHLPAPI.DLL
0x00007ff93ee50000 - 0x00007ff93ee58000 	C:\WINDOWS\System32\NSI.dll
0x00007ff937790000 - 0x00007ff9377a6000 	C:\WINDOWS\SYSTEM32\dhcpcsvc6.DLL
0x00007ff9377d0000 - 0x00007ff9377ea000 	C:\WINDOWS\SYSTEM32\dhcpcsvc.DLL

VM Arguments:
jvm_args: -XX:MaxMetaspaceSize=256m -XX:+HeapDumpOnOutOfMemoryError -Xms256m -Xmx512m -Dfile.encoding=windows-1252 -Duser.country=US -Duser.language=en -Duser.variant 
java_command: org.gradle.launcher.daemon.bootstrap.GradleDaemon 5.5
java_class_path (initial): C:\Users\sani\.gradle\wrapper\dists\gradle-5.5-all\byeise1led9a3w3p149d02kfj\gradle-5.5\lib\gradle-launcher-5.5.jar
Launcher Type: SUN_STANDARD

Environment Variables:
CLASSPATH=D:\project\PegiLagi-mobile\android\\gradle\wrapper\gradle-wrapper.jar
PATH=C:\Users\sani\bin;C:\Program Files\Git\mingw64\bin;C:\Program Files\Git\usr\local\bin;C:\Program Files\Git\usr\bin;C:\Program Files\Git\usr\bin;C:\Program Files\Git\mingw64\bin;C:\Program Files\Git\usr\bin;C:\Users\sani\bin;C:\Python27;C:\Python27\Scripts;C:\Program Files (x86)\Common Files\Oracle\Java\javapath;C:\WINDOWS\system32;C:\WINDOWS;C:\WINDOWS\System32\Wbem;C:\WINDOWS\System32\WindowsPowerShell\v1.0;C:\Program Files\Git\cmd;C:\Program Files (x86)\Microsoft SQL Server\110\Tools\Binn;C:\Program Files\Microsoft SQL Server\110\Tools\Binn;C:\Program Files\Microsoft SQL Server\110\DTS\Binn;C:\WINDOWS\System32\OpenSSH;C:\Users\sani\AppData\Local\Microsoft\WindowsApps;C:\adb;C:\xampp\php;C:\composer;C:\Program Files\nodejs;C:\Program Files (x86)\Yarn\bin;C:\Users\sani\AppData\Local\Microsoft\WindowsApps;C:\Users\sani\AppData\Roaming\Composer\vendor\bin;C:\Users\sani\AppData\Local\Programs\Microsoft VS Code\bin;C:\Users\sani\AppData\Roaming\npm;C:\Users\sani\AppData\Local\Yarn\bin;C:\Users\sani\AppData\Local\Android\Sdk\platform-tools;C:\Program Files\Git\usr\bin\vendor_perl;C:\Program Files\Git\usr\bin\core_perl
USERNAME=sani
SHELL=C:\Program Files\Git\usr\bin\bash.exe
DISPLAY=needs-to-be-defined
OS=Windows_NT
PROCESSOR_IDENTIFIER=AMD64 Family 22 Model 48 Stepping 1, AuthenticAMD



---------------  S Y S T E M  ---------------

OS: Windows 10.0 , 64 bit Build 17134 (10.0.17134.753)

CPU:total 4 (initial active 4) (4 cores per cpu, 1 threads per core) family 22 model 48 stepping 1, cmov, cx8, fxsr, mmx, sse, sse2, sse3, ssse3, sse4.1, sse4.2, popcnt, avx, aes, clmul, mmxext, 3dnowpref, lzcnt, sse4a, tsc, tscinvbit, tscinv, bmi1

Memory: 4k page, physical 7299340k(1735084k free), swap 23148780k(4864k free)

vm_info: Java HotSpot(TM) 64-Bit Server VM (25.221-b11) for windows-amd64 JRE (1.8.0_221-b11), built on Jul  4 2019 04:39:29 by "java_re" with MS VC++ 10.0 (VS2010)

time: Thu Oct 24 21:35:49 2019
timezone: SE Asia Standard Time
elapsed time: 6 seconds (0d 0h 0m 6s)

